 Received POST data: Array
(
    [id] => 1
    [action] => Изменить
    [breed] => Американский Булли
    [type_breed] => Покет
    [class_breed] => Взрослый
    [name_dog] => BAILEYS FACE OF WAR222213534выаыа111
    [gender] => Сука
    [color] => WHITE &amp;amp;amp;amp;amp;amp;amp;amp;amp;amp;amp;amp; CHOCOLATE 32123121
    [owner] => Акимов Д,222222222333w
    [breeder] => Жиевская Н.3243d
)
dogid: 1action: ИзменитьReceived POST data: Array
(
    [id] => 1
    [action] => Изменить
    [breed] => Американский Булли
    [type_breed] => Покет
    [class_breed] => Взрослый
    [name_dog] => BAILEYS FACE OF WAR222213534выаыа1133
    [gender] => Сука
    [color] => WHITE &amp;amp;amp;amp;amp;amp;amp;amp;amp;amp;amp;amp; CHOCOLATE 32123121
    [owner] => Акимов Д,222222222333w
    [breeder] => Жиевская Н.3243d
)
showid: 0ringid: 0dogid: 1action: ИзменитьReceived POST data: Array
(
    [id] => 1
    [action] => Изменить
    [breed] => Американский Булли
    [type_breed] => Покет
    [class_breed] => Взрослый
    [name_dog] => BAILEYS FACE OF WAR222213534выаыа11456546
    [gender] => Сука
    [color] => WHITE &amp;amp;amp;amp;amp;amp;amp;amp;amp;amp;amp;amp; CHOCOLATE 32123121
    [owner] => Акимов Д,222222222333w
    [breeder] => Жиевская Н.3243d
)
showid: 0ringid: 0dogid: 1action: ИзменитьReceived POST data: Array
(
    [showid] => 1
    [ringid] => 1
    [id] => 1
    [action] => Изменить
    [breed] => Американский Булли
    [type_breed] => Покет
    [class_breed] => Взрослый
    [name_dog] => BAILEYS FACE OF WAR222213534выаыа11234
    [gender] => Сука
    [color] => WHITE &amp;amp;amp;amp;amp;amp;amp;amp;amp;amp;amp;amp; CHOCOLATE 32123121
    [owner] => Акимов Д,222222222333w
    [breeder] => Жиевская Н.3243d
)
showid: 1ringid: 1dogid: 1action: ИзменитьTable Name: catalog_dog_show_1_ring_1Updated Data: breed: Американский Булли, type_breed: Покет, class_breed: Взрослый, name_dog: BAILEYS FACE OF WAR222213534выаыа11234, gender: Сука, color: WHITE &amp;amp;amp;amp;amp;amp;amp;amp;amp;amp;amp;amp;amp; CHOCOLATE 32123121, owner: Акимов Д,222222222333w, breeder: Жиевская Н.3243dReceived POST data: Array
(
    [showid] => 1
    [ringid] => 1
    [id] => 1
    [action] => Удалить
    [breed] => Американский Булли
    [type_breed] => Покет
    [class_breed] => Взрослый
    [name_dog] => BAILEYS FACE OF WAR222213534выаыа11234
    [gender] => Сука
    [color] => WHITE &amp;amp;amp;amp;amp;amp;amp;amp;amp;amp;amp;amp;amp; CHOCOLATE 32123121
    [owner] => Акимов Д,222222222333w
    [breeder] => Жиевская Н.3243d
)
showid: 1ringid: 1dogid: 1action: УдалитьTable Name: catalog_dog_show_1_ring_1Received POST data: Array
(
    [showid] => 1
    [ringid] => 7
    [id] => 7
    [action] => Удалить
    [breed] => Американский Булли1
    [type_breed] => Покет
    [class_breed] => Юниор
    [name_dog] => DOMINIKA JOCK BULLYывавыа
    [gender] => Сука
    [color] => Lilac
    [owner] => Румянцева Анна Юрьевна 
    [breeder] => Малахова Галина Владимировна 
)
showid: 1ringid: 7dogid: 7action: УдалитьTable Name: catalog_dog_show_1_ring_7Received POST data: Array
(
    [showid] => 1
    [ringid] => 7
    [id] => 1
    [action] => Удалить
    [breed] => Американский Булли
    [type_breed] => Покет
    [class_breed] => Взрослый
    [name_dog] => BAILEYS FACE OF WAR222213534выаыа11
    [gender] => Сука
    [color] => WHITE &amp;amp;amp;amp;amp;amp;amp;amp;amp;amp;amp;amp; CHOCOLATE 32123121
    [owner] => Акимов Д,222222222333w
    [breeder] => Жиевская Н.3243d
)
showid: 1ringid: 7dogid: 1action: УдалитьTable Name: catalog_dog_show_1_ring_7