Received POST data: Array
(
    [showid] => 1
    [ringid] => 27
    [id] => 15
    [action] => Изменить
    [breed] => Фаыа
    [type_breed] => Поыа
    [class_breed] => 22333
    [name_dog] => 33йцуооо8797097уу
    [gender] => Сука
    [color] => 5
    [owner] => 4
    [breeder] => 33
)
showid: 1ringid: 27dogid: 15action: ИзменитьTable Name: catalog_dog_show_1_ring_27Updated Data: breed: Фаыа, type_breed: Поыа, class_breed: 22333, name_dog: 33йцуооо8797097уу, gender: Сука, color: 5, owner: 4, breeder: 33Received POST data: Array
(
    [showid] => 1
    [ringid] => 27
    [id] => 15
    [action] => Изменить
    [breed] => Фаыа
    [type_breed] => none
    [class_breed] => 22333
    [name_dog] => 33йцуооо8797097уу
    [gender] => Сука
    [color] => 5
    [owner] => 4
    [breeder] => 33
)
showid: 1ringid: 27dogid: 15action: ИзменитьTable Name: catalog_dog_show_1_ring_27Updated Data: breed: Фаыа, type_breed: none, class_breed: 22333, name_dog: 33йцуооо8797097уу, gender: Сука, color: 5, owner: 4, breeder: 33Received POST data: Array
(
    [showid] => 1
    [ringid] => 27
    [id] => 15
    [action] => Изменить
    [breed] => Американский булли
    [type_breed] => Стандарт
    [class_breed] => 22333
    [name_dog] => 33йцуооо8797097уу
    [gender] => Сука
    [color] => 5
    [owner] => 4
    [breeder] => 33
)
showid: 1ringid: 27dogid: 15action: ИзменитьTable Name: catalog_dog_show_1_ring_27Updated Data: breed: Американский булли, type_breed: Стандарт, class_breed: 22333, name_dog: 33йцуооо8797097уу, gender: Сука, color: 5, owner: 4, breeder: 33Received POST data: Array
(
    [showid] => 1
    [ringid] => 27
    [id] => 15
    [action] => Изменить
    [breed] => Американский  Булли
    [type_breed] => Стандарт
    [class_breed] => 22333
    [name_dog] => 33йцуооо8797097уу
    [gender] => Сука
    [color] => 5
    [owner] => 4
    [breeder] => 33
)
showid: 1ringid: 27dogid: 15action: ИзменитьTable Name: catalog_dog_show_1_ring_27Updated Data: breed: Американский  Булли, type_breed: Стандарт, class_breed: 22333, name_dog: 33йцуооо8797097уу, gender: Сука, color: 5, owner: 4, breeder: 33Received POST data: Array
(
    [showid] => 1
    [ringid] => 27
    [id] => 15
    [action] => Изменить
    [breed] => Американский Булли
    [type_breed] => Стандарт
    [class_breed] => 22333
    [name_dog] => 33йцуооо8797097уу
    [gender] => Сука
    [color] => 5
    [owner] => 4
    [breeder] => 33
)
showid: 1ringid: 27dogid: 15action: ИзменитьTable Name: catalog_dog_show_1_ring_27Updated Data: breed: Американский Булли, type_breed: Стандарт, class_breed: 22333, name_dog: 33йцуооо8797097уу, gender: Сука, color: 5, owner: 4, breeder: 33Received POST data: Array
(
    [showid] => 1
    [ringid] => 27
    [id] => 3
    [action] => Изменить
    [breed] => Американский  Булли
    [type_breed] => Экзот
    [class_breed] => Юниор экзот
    [name_dog] => DEADPOOL
    [gender] => Кобель
    [color] => Шоколадный триколор 
    [owner] => Макарекин А.q
    [breeder] => Милакова Е.2
)
showid: 1ringid: 27dogid: 3action: ИзменитьTable Name: catalog_dog_show_1_ring_27Updated Data: breed: Американский  Булли, type_breed: Экзот, class_breed: Юниор экзот, name_dog: DEADPOOL, gender: Кобель, color: Шоколадный триколор , owner: Макарекин А.q, breeder: Милакова Е.2Received POST data: Array
(
    [showid] => 1
    [ringid] => 27
    [id] => 3
    [action] => Изменить
    [breed] => Американский Булли
    [type_breed] => Экзот
    [class_breed] => Юниор экзот
    [name_dog] => DEADPOOL
    [gender] => Кобель
    [color] => Шоколадный триколор 
    [owner] => Макарекин А.q
    [breeder] => Милакова Е.2
)
showid: 1ringid: 27dogid: 3action: ИзменитьTable Name: catalog_dog_show_1_ring_27Updated Data: breed: Американский Булли, type_breed: Экзот, class_breed: Юниор экзот, name_dog: DEADPOOL, gender: Кобель, color: Шоколадный триколор , owner: Макарекин А.q, breeder: Милакова Е.2Received POST data: Array
(
    [showid] => 1
    [ringid] => 27
    [id] => 16
    [action] => Изменить
    [breed] => Американский Булли
    [type_breed] => Покет
    [class_breed] => Класс
    [name_dog] => Кличка
    [gender] => Сука
    [color] => Цвет
    [owner] => Заводчик
    [breeder] => Владелец
)
showid: 1ringid: 27dogid: 16action: ИзменитьTable Name: catalog_dog_show_1_ring_27Updated Data: breed: Американский Булли, type_breed: Покет, class_breed: Класс, name_dog: Кличка, gender: Сука, color: Цвет, owner: Заводчик, breeder: Владелец